2021-01-20 22:10:14 - LOGLEVEL:INFO - MESSAGE:Connecting to server: 127.0.0.1:2525
2021-01-20 22:10:14 - LOGLEVEL:INFO - MESSAGE:Creating socket...
2021-01-20 22:10:14 - LOGLEVEL:INFO - MESSAGE:Connecting...
2021-01-20 22:10:14 - LOGLEVEL:INFO - MESSAGE:Connected.
2021-01-20 22:10:14 - LOGLEVEL:INFO - MESSAGE:Starting to communication with server...
2021-01-20 22:12:33 - LOGLEVEL:INFO - MESSAGE:Closing socket...
2021-01-20 22:12:33 - LOGLEVEL:INFO - MESSAGE:Finished.
2021-01-20 22:15:05 - LOGLEVEL:INFO - MESSAGE:Connecting to server: 127.0.0.1:2525
2021-01-20 22:15:05 - LOGLEVEL:INFO - MESSAGE:Creating socket...
2021-01-20 22:15:05 - LOGLEVEL:INFO - MESSAGE:Connecting...
2021-01-20 22:15:05 - LOGLEVEL:INFO - MESSAGE:Connected.
2021-01-20 22:15:05 - LOGLEVEL:INFO - MESSAGE:Starting to communication with server...
2021-01-20 22:17:07 - LOGLEVEL:INFO - MESSAGE:Closing socket...
2021-01-20 22:17:07 - LOGLEVEL:INFO - MESSAGE:Finished.
2021-01-20 22:24:09 - LOGLEVEL:INFO - MESSAGE:Connecting to server: 127.0.0.1:2525
2021-01-20 22:24:09 - LOGLEVEL:INFO - MESSAGE:Creating socket...
2021-01-20 22:24:09 - LOGLEVEL:INFO - MESSAGE:Connecting...
2021-01-20 22:24:09 - LOGLEVEL:INFO - MESSAGE:Connected.
2021-01-20 22:24:09 - LOGLEVEL:INFO - MESSAGE:Starting to communication with server...
2021-01-20 22:25:00 - LOGLEVEL:INFO - MESSAGE:Closing socket...
2021-01-20 22:25:00 - LOGLEVEL:INFO - MESSAGE:Finished.
2021-01-21 01:34:21 - LOGLEVEL:INFO - MESSAGE:Connecting to server: 127.0.0.1:2525
2021-01-21 01:34:21 - LOGLEVEL:INFO - MESSAGE:Creating socket...
2021-01-21 01:34:21 - LOGLEVEL:INFO - MESSAGE:Connecting...
2021-01-21 01:34:21 - LOGLEVEL:INFO - MESSAGE:Connected.
2021-01-21 01:34:21 - LOGLEVEL:INFO - MESSAGE:Starting to communication with server...
2021-01-21 01:35:40 - LOGLEVEL:ERROR - MESSAGE:Connection closed by host.
2021-01-21 01:35:40 - LOGLEVEL:INFO - MESSAGE:Closing socket...
2021-01-21 01:35:40 - LOGLEVEL:INFO - MESSAGE:Finished.
2021-01-21 01:39:50 - LOGLEVEL:INFO - MESSAGE:Connecting to server: 127.0.0.1:2525
2021-01-21 01:39:50 - LOGLEVEL:INFO - MESSAGE:Creating socket...
2021-01-21 01:39:50 - LOGLEVEL:INFO - MESSAGE:Connecting...
2021-01-21 01:39:50 - LOGLEVEL:INFO - MESSAGE:Connected.
2021-01-21 01:39:50 - LOGLEVEL:INFO - MESSAGE:Starting to communication with server...
2021-01-21 01:41:09 - LOGLEVEL:INFO - MESSAGE:Connecting to server: 127.0.0.1:2525
2021-01-21 01:41:09 - LOGLEVEL:INFO - MESSAGE:Creating socket...
2021-01-21 01:41:09 - LOGLEVEL:INFO - MESSAGE:Connecting...
2021-01-21 01:41:09 - LOGLEVEL:INFO - MESSAGE:Connected.
2021-01-21 01:41:09 - LOGLEVEL:INFO - MESSAGE:Starting to communication with server...
2021-01-21 01:42:01 - LOGLEVEL:ERROR - MESSAGE:Connection closed by host.
2021-01-21 01:42:01 - LOGLEVEL:INFO - MESSAGE:Closing socket...
2021-01-21 01:42:01 - LOGLEVEL:INFO - MESSAGE:Finished.
2021-01-21 01:43:28 - LOGLEVEL:INFO - MESSAGE:Connecting to server: 127.0.0.1:2525
2021-01-21 01:43:28 - LOGLEVEL:INFO - MESSAGE:Creating socket...
2021-01-21 01:43:28 - LOGLEVEL:INFO - MESSAGE:Connecting...
2021-01-21 01:43:28 - LOGLEVEL:INFO - MESSAGE:Connected.
2021-01-21 01:43:28 - LOGLEVEL:INFO - MESSAGE:Starting to communication with server...
2021-01-21 01:43:52 - LOGLEVEL:ERROR - MESSAGE:Connection closed by host.
2021-01-21 01:43:52 - LOGLEVEL:INFO - MESSAGE:Closing socket...
2021-01-21 01:43:52 - LOGLEVEL:INFO - MESSAGE:Finished.
2021-01-21 01:45:09 - LOGLEVEL:INFO - MESSAGE:Connecting to server: 127.0.0.1:2525
2021-01-21 01:45:09 - LOGLEVEL:INFO - MESSAGE:Creating socket...
2021-01-21 01:45:09 - LOGLEVEL:INFO - MESSAGE:Connecting...
2021-01-21 01:45:09 - LOGLEVEL:INFO - MESSAGE:Connected.
2021-01-21 01:45:09 - LOGLEVEL:INFO - MESSAGE:Starting to communication with server...
2021-01-21 01:45:33 - LOGLEVEL:INFO - MESSAGE:Closing socket...
2021-01-21 01:45:33 - LOGLEVEL:INFO - MESSAGE:Finished.
2021-01-21 02:19:24 - LOGLEVEL:INFO - MESSAGE:Connecting to server: 127.0.0.1:2525
2021-01-21 02:19:24 - LOGLEVEL:INFO - MESSAGE:Creating socket...
2021-01-21 02:19:24 - LOGLEVEL:INFO - MESSAGE:Connecting...
2021-01-21 02:19:24 - LOGLEVEL:INFO - MESSAGE:Connected.
2021-01-21 02:19:24 - LOGLEVEL:INFO - MESSAGE:Starting to communication with server...
2021-01-21 02:21:33 - LOGLEVEL:INFO - MESSAGE:Closing socket...
2021-01-21 02:21:33 - LOGLEVEL:INFO - MESSAGE:Finished.
2021-01-21 02:22:32 - LOGLEVEL:INFO - MESSAGE:Connecting to server: 127.0.0.1:2525
2021-01-21 02:22:32 - LOGLEVEL:INFO - MESSAGE:Creating socket...
2021-01-21 02:22:32 - LOGLEVEL:INFO - MESSAGE:Connecting...
2021-01-21 02:22:32 - LOGLEVEL:INFO - MESSAGE:Connected.
2021-01-21 02:22:32 - LOGLEVEL:INFO - MESSAGE:Starting to communication with server...
2021-01-21 02:23:05 - LOGLEVEL:INFO - MESSAGE:Closing socket...
2021-01-21 02:23:05 - LOGLEVEL:INFO - MESSAGE:Finished.
2021-01-21 03:11:03 - LOGLEVEL:INFO - MESSAGE:Connecting to server: 127.0.0.1:2525
2021-01-21 03:11:03 - LOGLEVEL:INFO - MESSAGE:Creating socket...
2021-01-21 03:11:03 - LOGLEVEL:INFO - MESSAGE:Connecting...
2021-01-21 03:11:03 - LOGLEVEL:INFO - MESSAGE:Connected.
2021-01-21 03:11:03 - LOGLEVEL:INFO - MESSAGE:Starting to communication with server...
2021-01-21 03:11:07 - LOGLEVEL:ERROR - MESSAGE:Connection closed by host.
2021-01-21 03:11:07 - LOGLEVEL:INFO - MESSAGE:Closing socket...
2021-01-21 03:11:07 - LOGLEVEL:INFO - MESSAGE:Finished.
2021-01-21 03:12:38 - LOGLEVEL:INFO - MESSAGE:Connecting to server: 127.0.0.1:2525
2021-01-21 03:12:38 - LOGLEVEL:INFO - MESSAGE:Creating socket...
2021-01-21 03:12:38 - LOGLEVEL:INFO - MESSAGE:Connecting...
2021-01-21 03:12:38 - LOGLEVEL:INFO - MESSAGE:Connected.
2021-01-21 03:12:38 - LOGLEVEL:INFO - MESSAGE:Starting to communication with server...
2021-01-21 03:13:45 - LOGLEVEL:INFO - MESSAGE:Connecting to server: 127.0.0.1:2525
2021-01-21 03:13:45 - LOGLEVEL:INFO - MESSAGE:Creating socket...
2021-01-21 03:13:45 - LOGLEVEL:INFO - MESSAGE:Connecting...
2021-01-21 03:13:45 - LOGLEVEL:INFO - MESSAGE:Connected.
2021-01-21 03:13:45 - LOGLEVEL:INFO - MESSAGE:Starting to communication with server...
2021-01-21 03:17:00 - LOGLEVEL:INFO - MESSAGE:Connecting to server: 127.0.0.1:2525
2021-01-21 03:17:00 - LOGLEVEL:INFO - MESSAGE:Creating socket...
2021-01-21 03:17:00 - LOGLEVEL:INFO - MESSAGE:Connecting...
2021-01-21 03:17:00 - LOGLEVEL:INFO - MESSAGE:Connected.
2021-01-21 03:17:00 - LOGLEVEL:INFO - MESSAGE:Starting to communication with server...
2021-01-21 03:17:03 - LOGLEVEL:ERROR - MESSAGE:Connection closed by host.
2021-01-21 03:17:03 - LOGLEVEL:INFO - MESSAGE:Closing socket...
2021-01-21 03:17:03 - LOGLEVEL:INFO - MESSAGE:Finished.
2021-01-21 03:18:42 - LOGLEVEL:INFO - MESSAGE:Connecting to server: 127.0.0.1:2525
2021-01-21 03:18:42 - LOGLEVEL:INFO - MESSAGE:Creating socket...
2021-01-21 03:18:42 - LOGLEVEL:INFO - MESSAGE:Connecting...
2021-01-21 03:18:42 - LOGLEVEL:INFO - MESSAGE:Connected.
2021-01-21 03:18:42 - LOGLEVEL:INFO - MESSAGE:Starting to communication with server...
2021-01-21 03:18:45 - LOGLEVEL:ERROR - MESSAGE:Connection closed by host.
2021-01-21 03:18:45 - LOGLEVEL:INFO - MESSAGE:Closing socket...
2021-01-21 03:18:45 - LOGLEVEL:INFO - MESSAGE:Finished.
2021-01-21 03:20:13 - LOGLEVEL:INFO - MESSAGE:Connecting to server: 127.0.0.1:2525
2021-01-21 03:20:13 - LOGLEVEL:INFO - MESSAGE:Creating socket...
2021-01-21 03:20:13 - LOGLEVEL:INFO - MESSAGE:Connecting...
2021-01-21 03:20:13 - LOGLEVEL:INFO - MESSAGE:Connected.
2021-01-21 03:20:13 - LOGLEVEL:INFO - MESSAGE:Starting to communication with server...
2021-01-21 03:23:18 - LOGLEVEL:INFO - MESSAGE:Connecting to server: 127.0.0.1:2525
2021-01-21 03:23:18 - LOGLEVEL:INFO - MESSAGE:Creating socket...
2021-01-21 03:23:18 - LOGLEVEL:INFO - MESSAGE:Connecting...
2021-01-21 03:23:18 - LOGLEVEL:INFO - MESSAGE:Connected.
2021-01-21 03:23:18 - LOGLEVEL:INFO - MESSAGE:Starting to communication with server...
2021-01-21 03:23:21 - LOGLEVEL:ERROR - MESSAGE:Connection closed by host.
2021-01-21 03:23:21 - LOGLEVEL:INFO - MESSAGE:Closing socket...
2021-01-21 03:23:21 - LOGLEVEL:INFO - MESSAGE:Finished.
2021-01-21 03:24:32 - LOGLEVEL:INFO - MESSAGE:Connecting to server: 127.0.0.1:2525
2021-01-21 03:24:32 - LOGLEVEL:INFO - MESSAGE:Creating socket...
2021-01-21 03:24:32 - LOGLEVEL:INFO - MESSAGE:Connecting...
2021-01-21 03:24:32 - LOGLEVEL:INFO - MESSAGE:Connected.
2021-01-21 03:24:32 - LOGLEVEL:INFO - MESSAGE:Starting to communication with server...
2021-01-21 03:24:35 - LOGLEVEL:ERROR - MESSAGE:Connection closed by host.
2021-01-21 03:24:35 - LOGLEVEL:INFO - MESSAGE:Closing socket...
2021-01-21 03:24:35 - LOGLEVEL:INFO - MESSAGE:Finished.
2021-01-21 03:28:44 - LOGLEVEL:INFO - MESSAGE:Connecting to server: 127.0.0.1:2525
2021-01-21 03:28:44 - LOGLEVEL:INFO - MESSAGE:Creating socket...
2021-01-21 03:28:44 - LOGLEVEL:INFO - MESSAGE:Connecting...
2021-01-21 03:28:44 - LOGLEVEL:INFO - MESSAGE:Connected.
2021-01-21 03:28:44 - LOGLEVEL:INFO - MESSAGE:Starting to communication with server...
2021-01-21 03:35:36 - LOGLEVEL:INFO - MESSAGE:Connecting to server: 127.0.0.1:2525
2021-01-21 03:35:36 - LOGLEVEL:INFO - MESSAGE:Creating socket...
2021-01-21 03:35:36 - LOGLEVEL:INFO - MESSAGE:Connecting...
2021-01-21 03:35:36 - LOGLEVEL:INFO - MESSAGE:Connected.
2021-01-21 03:35:36 - LOGLEVEL:INFO - MESSAGE:Starting to communication with server...
2021-01-21 03:37:33 - LOGLEVEL:INFO - MESSAGE:Connecting to server: 127.0.0.1:2525
2021-01-21 03:37:33 - LOGLEVEL:INFO - MESSAGE:Creating socket...
2021-01-21 03:37:33 - LOGLEVEL:INFO - MESSAGE:Connecting...
2021-01-21 03:37:33 - LOGLEVEL:INFO - MESSAGE:Connected.
2021-01-21 03:37:33 - LOGLEVEL:INFO - MESSAGE:Starting to communication with server...
2021-01-21 03:40:54 - LOGLEVEL:INFO - MESSAGE:Connecting to server: 127.0.0.1:2525
2021-01-21 03:40:54 - LOGLEVEL:INFO - MESSAGE:Creating socket...
2021-01-21 03:40:54 - LOGLEVEL:INFO - MESSAGE:Connecting...
2021-01-21 03:40:54 - LOGLEVEL:INFO - MESSAGE:Connected.
2021-01-21 03:40:54 - LOGLEVEL:INFO - MESSAGE:Starting to communication with server...
