2021-01-20 22:09:51 - LOGLEVEL:INFO - MESSAGE:Server start to configure.
2021-01-20 22:09:51 - LOGLEVEL:INFO - MESSAGE:Creating socket...
2021-01-20 22:09:51 - LOGLEVEL:INFO - MESSAGE:Binding socket to local address...
2021-01-20 22:09:51 - LOGLEVEL:INFO - MESSAGE:Listening...
2021-01-20 22:09:51 - LOGLEVEL:INFO - MESSAGE:Waiting for connections...
2021-01-20 22:10:14 - LOGLEVEL:INFO - MESSAGE:New connection from 127.0.0.1
2021-01-20 22:10:31 - LOGLEVEL:INFO - MESSAGE:HELO Command.
2021-01-20 22:10:49 - LOGLEVEL:INFO - MESSAGE:VRFY Command.
2021-01-20 22:10:54 - LOGLEVEL:INFO - MESSAGE:VRFY Command.
2021-01-20 22:11:08 - LOGLEVEL:INFO - MESSAGE:Command not recognized.
2021-01-20 22:11:23 - LOGLEVEL:INFO - MESSAGE:MAIL Command.
2021-01-20 22:11:40 - LOGLEVEL:INFO - MESSAGE:RCPT Command.
2021-01-20 22:11:46 - LOGLEVEL:INFO - MESSAGE:DATA Command.
2021-01-20 22:11:53 - LOGLEVEL:INFO - MESSAGE:Additional data.
2021-01-20 22:12:00 - LOGLEVEL:INFO - MESSAGE:Additional data.
2021-01-20 22:12:06 - LOGLEVEL:INFO - MESSAGE:Additional data.
2021-01-20 22:12:12 - LOGLEVEL:INFO - MESSAGE:Additional data.
2021-01-20 22:12:33 - LOGLEVEL:INFO - MESSAGE:QUIT Command.
2021-01-20 22:14:53 - LOGLEVEL:INFO - MESSAGE:Server start to configure.
2021-01-20 22:14:53 - LOGLEVEL:INFO - MESSAGE:Creating socket...
2021-01-20 22:14:53 - LOGLEVEL:INFO - MESSAGE:Binding socket to local address...
2021-01-20 22:14:53 - LOGLEVEL:INFO - MESSAGE:Listening...
2021-01-20 22:14:53 - LOGLEVEL:INFO - MESSAGE:Waiting for connections...
2021-01-20 22:15:05 - LOGLEVEL:INFO - MESSAGE:New connection from 127.0.0.1
2021-01-20 22:15:21 - LOGLEVEL:INFO - MESSAGE:HELO Command.
2021-01-20 22:15:27 - LOGLEVEL:INFO - MESSAGE:EHLO Command.
2021-01-20 22:15:41 - LOGLEVEL:INFO - MESSAGE:VRFY Command.
2021-01-20 22:15:47 - LOGLEVEL:INFO - MESSAGE:VRFY Command.
2021-01-20 22:16:04 - LOGLEVEL:INFO - MESSAGE:MAIL Command.
2021-01-20 22:16:19 - LOGLEVEL:INFO - MESSAGE:RCPT Command.
2021-01-20 22:16:33 - LOGLEVEL:INFO - MESSAGE:RCPT Command.
2021-01-20 22:16:38 - LOGLEVEL:INFO - MESSAGE:DATA Command.
2021-01-20 22:16:43 - LOGLEVEL:INFO - MESSAGE:Add data.
2021-01-20 22:16:51 - LOGLEVEL:INFO - MESSAGE:Add data.
2021-01-20 22:16:56 - LOGLEVEL:INFO - MESSAGE:Add data.
2021-01-20 22:17:01 - LOGLEVEL:INFO - MESSAGE:Complete data.
2021-01-20 22:17:07 - LOGLEVEL:INFO - MESSAGE:QUIT Command.
2021-01-20 22:24:03 - LOGLEVEL:INFO - MESSAGE:Server start to configure.
2021-01-20 22:24:03 - LOGLEVEL:INFO - MESSAGE:Creating socket...
2021-01-20 22:24:03 - LOGLEVEL:INFO - MESSAGE:Binding socket to local address...
2021-01-20 22:24:03 - LOGLEVEL:INFO - MESSAGE:Listening...
2021-01-20 22:24:03 - LOGLEVEL:INFO - MESSAGE:Waiting for connections...
2021-01-20 22:24:09 - LOGLEVEL:INFO - MESSAGE:New connection from 127.0.0.1
2021-01-20 22:24:14 - LOGLEVEL:INFO - MESSAGE:HELO Command.
2021-01-20 22:24:22 - LOGLEVEL:INFO - MESSAGE:VRFY Command.
2021-01-20 22:24:40 - LOGLEVEL:INFO - MESSAGE:Command not recognized.
2021-01-20 22:24:53 - LOGLEVEL:INFO - MESSAGE:Command not recognized.
2021-01-20 22:25:00 - LOGLEVEL:INFO - MESSAGE:QUIT Command.
2021-01-21 01:34:13 - LOGLEVEL:INFO - MESSAGE:Server start to configure.
2021-01-21 01:34:13 - LOGLEVEL:INFO - MESSAGE:Creating socket...
2021-01-21 01:34:13 - LOGLEVEL:INFO - MESSAGE:Binding socket to local address...
2021-01-21 01:34:13 - LOGLEVEL:INFO - MESSAGE:Listening...
2021-01-21 01:34:13 - LOGLEVEL:INFO - MESSAGE:Waiting for connections...
2021-01-21 01:34:21 - LOGLEVEL:INFO - MESSAGE:New connection from 127.0.0.1
2021-01-21 01:34:25 - LOGLEVEL:INFO - MESSAGE:HELO Command.
2021-01-21 01:34:30 - LOGLEVEL:INFO - MESSAGE:VRFY Command.
2021-01-21 01:34:39 - LOGLEVEL:INFO - MESSAGE:VRFY Command.
2021-01-21 01:34:53 - LOGLEVEL:INFO - MESSAGE:MAIL Command.
2021-01-21 01:35:06 - LOGLEVEL:INFO - MESSAGE:RCPT Command.
2021-01-21 01:35:23 - LOGLEVEL:INFO - MESSAGE:Command not recognized.
2021-01-21 01:35:39 - LOGLEVEL:INFO - MESSAGE:RCPT Command.
2021-01-21 01:39:43 - LOGLEVEL:INFO - MESSAGE:Server start to configure.
2021-01-21 01:39:43 - LOGLEVEL:INFO - MESSAGE:Creating socket...
2021-01-21 01:39:43 - LOGLEVEL:INFO - MESSAGE:Binding socket to local address...
2021-01-21 01:39:43 - LOGLEVEL:INFO - MESSAGE:Listening...
2021-01-21 01:39:43 - LOGLEVEL:INFO - MESSAGE:Waiting for connections...
2021-01-21 01:39:50 - LOGLEVEL:INFO - MESSAGE:New connection from 127.0.0.1
2021-01-21 01:39:53 - LOGLEVEL:INFO - MESSAGE:HELO Command.
2021-01-21 01:40:01 - LOGLEVEL:INFO - MESSAGE:MAIL Command.
2021-01-21 01:40:17 - LOGLEVEL:INFO - MESSAGE:RCPT Command.
2021-01-21 01:41:02 - LOGLEVEL:INFO - MESSAGE:Server start to configure.
2021-01-21 01:41:02 - LOGLEVEL:INFO - MESSAGE:Creating socket...
2021-01-21 01:41:02 - LOGLEVEL:INFO - MESSAGE:Binding socket to local address...
2021-01-21 01:41:02 - LOGLEVEL:INFO - MESSAGE:Listening...
2021-01-21 01:41:02 - LOGLEVEL:INFO - MESSAGE:Waiting for connections...
2021-01-21 01:41:09 - LOGLEVEL:INFO - MESSAGE:New connection from 127.0.0.1
2021-01-21 01:41:11 - LOGLEVEL:INFO - MESSAGE:HELO Command.
2021-01-21 01:41:18 - LOGLEVEL:INFO - MESSAGE:MAIL Command.
2021-01-21 01:41:30 - LOGLEVEL:INFO - MESSAGE:RCPT Command.
2021-01-21 01:42:01 - LOGLEVEL:INFO - MESSAGE:RCPT Command.
2021-01-21 01:43:22 - LOGLEVEL:INFO - MESSAGE:Server start to configure.
2021-01-21 01:43:22 - LOGLEVEL:INFO - MESSAGE:Creating socket...
2021-01-21 01:43:22 - LOGLEVEL:INFO - MESSAGE:Binding socket to local address...
2021-01-21 01:43:22 - LOGLEVEL:INFO - MESSAGE:Listening...
2021-01-21 01:43:22 - LOGLEVEL:INFO - MESSAGE:Waiting for connections...
2021-01-21 01:43:28 - LOGLEVEL:INFO - MESSAGE:New connection from 127.0.0.1
2021-01-21 01:43:30 - LOGLEVEL:INFO - MESSAGE:HELO Command.
2021-01-21 01:43:38 - LOGLEVEL:INFO - MESSAGE:MAIL Command.
2021-01-21 01:43:52 - LOGLEVEL:INFO - MESSAGE:RCPT Command.
2021-01-21 01:45:00 - LOGLEVEL:INFO - MESSAGE:Server start to configure.
2021-01-21 01:45:00 - LOGLEVEL:INFO - MESSAGE:Creating socket...
2021-01-21 01:45:00 - LOGLEVEL:INFO - MESSAGE:Binding socket to local address...
2021-01-21 01:45:00 - LOGLEVEL:INFO - MESSAGE:Listening...
2021-01-21 01:45:00 - LOGLEVEL:INFO - MESSAGE:Waiting for connections...
2021-01-21 01:45:09 - LOGLEVEL:INFO - MESSAGE:New connection from 127.0.0.1
2021-01-21 01:45:12 - LOGLEVEL:INFO - MESSAGE:HELO Command.
2021-01-21 01:45:18 - LOGLEVEL:INFO - MESSAGE:MAIL Command.
2021-01-21 01:45:26 - LOGLEVEL:INFO - MESSAGE:RCPT Command.
2021-01-21 01:45:33 - LOGLEVEL:INFO - MESSAGE:QUIT Command.
2021-01-21 02:19:15 - LOGLEVEL:INFO - MESSAGE:Server start to configure.
2021-01-21 02:19:15 - LOGLEVEL:INFO - MESSAGE:Creating socket...
2021-01-21 02:19:15 - LOGLEVEL:INFO - MESSAGE:Binding socket to local address...
2021-01-21 02:19:15 - LOGLEVEL:INFO - MESSAGE:Listening...
2021-01-21 02:19:15 - LOGLEVEL:INFO - MESSAGE:Waiting for connections...
2021-01-21 02:19:24 - LOGLEVEL:INFO - MESSAGE:New connection from 127.0.0.1
2021-01-21 02:19:26 - LOGLEVEL:INFO - MESSAGE:HELO Command.
2021-01-21 02:19:30 - LOGLEVEL:INFO - MESSAGE:VRFY Command.
2021-01-21 02:19:40 - LOGLEVEL:INFO - MESSAGE:Command not recognized.
2021-01-21 02:19:58 - LOGLEVEL:INFO - MESSAGE:MAIL Command.
2021-01-21 02:20:16 - LOGLEVEL:INFO - MESSAGE:RCPT Command.
2021-01-21 02:20:33 - LOGLEVEL:INFO - MESSAGE:RCPT Command.
2021-01-21 02:20:50 - LOGLEVEL:INFO - MESSAGE:RCPT Command.
2021-01-21 02:21:00 - LOGLEVEL:INFO - MESSAGE:RCPT Command.
2021-01-21 02:21:18 - LOGLEVEL:INFO - MESSAGE:RCPT Command.
2021-01-21 02:21:20 - LOGLEVEL:INFO - MESSAGE:DATA Command.
2021-01-21 02:21:23 - LOGLEVEL:INFO - MESSAGE:Add data.
2021-01-21 02:21:23 - LOGLEVEL:INFO - MESSAGE:Add data.
2021-01-21 02:21:24 - LOGLEVEL:INFO - MESSAGE:Add data.
2021-01-21 02:21:26 - LOGLEVEL:INFO - MESSAGE:Complete data.
2021-01-21 02:21:33 - LOGLEVEL:INFO - MESSAGE:QUIT Command.
2021-01-21 02:22:32 - LOGLEVEL:INFO - MESSAGE:New connection from 127.0.0.1
2021-01-21 02:22:35 - LOGLEVEL:INFO - MESSAGE:HELO Command.
2021-01-21 02:22:46 - LOGLEVEL:INFO - MESSAGE:MAIL Command.
2021-01-21 02:22:55 - LOGLEVEL:INFO - MESSAGE:RCPT Command.
2021-01-21 02:22:57 - LOGLEVEL:INFO - MESSAGE:DATA Command.
2021-01-21 02:23:05 - LOGLEVEL:INFO - MESSAGE:QUIT Command.
2021-01-21 03:10:35 - LOGLEVEL:INFO - MESSAGE:Server start to configure.
2021-01-21 03:10:35 - LOGLEVEL:INFO - MESSAGE:Creating socket...
2021-01-21 03:10:35 - LOGLEVEL:INFO - MESSAGE:Binding socket to local address...
2021-01-21 03:10:35 - LOGLEVEL:INFO - MESSAGE:Listening...
2021-01-21 03:10:35 - LOGLEVEL:INFO - MESSAGE:Waiting for connections...
2021-01-21 03:11:03 - LOGLEVEL:INFO - MESSAGE:New connection from 127.0.0.1
2021-01-21 03:11:07 - LOGLEVEL:INFO - MESSAGE:HELO Command.
2021-01-21 03:12:29 - LOGLEVEL:INFO - MESSAGE:Server start to configure.
2021-01-21 03:12:29 - LOGLEVEL:INFO - MESSAGE:Creating socket...
2021-01-21 03:12:29 - LOGLEVEL:INFO - MESSAGE:Binding socket to local address...
2021-01-21 03:12:29 - LOGLEVEL:INFO - MESSAGE:Listening...
2021-01-21 03:12:29 - LOGLEVEL:INFO - MESSAGE:Waiting for connections...
2021-01-21 03:12:38 - LOGLEVEL:INFO - MESSAGE:New connection from 127.0.0.1
2021-01-21 03:12:43 - LOGLEVEL:INFO - MESSAGE:Command not recognized.
2021-01-21 03:12:46 - LOGLEVEL:INFO - MESSAGE:HELO Command.
2021-01-21 03:13:00 - LOGLEVEL:INFO - MESSAGE:MAIL Command.
2021-01-21 03:13:37 - LOGLEVEL:INFO - MESSAGE:Server start to configure.
2021-01-21 03:13:37 - LOGLEVEL:INFO - MESSAGE:Creating socket...
2021-01-21 03:13:37 - LOGLEVEL:INFO - MESSAGE:Binding socket to local address...
2021-01-21 03:13:37 - LOGLEVEL:INFO - MESSAGE:Listening...
2021-01-21 03:13:37 - LOGLEVEL:INFO - MESSAGE:Waiting for connections...
2021-01-21 03:13:45 - LOGLEVEL:INFO - MESSAGE:New connection from 127.0.0.1
2021-01-21 03:13:48 - LOGLEVEL:INFO - MESSAGE:HELO Command.
2021-01-21 03:14:01 - LOGLEVEL:INFO - MESSAGE:Command not recognized.
2021-01-21 03:14:15 - LOGLEVEL:INFO - MESSAGE:MAIL Command.
2021-01-21 03:16:51 - LOGLEVEL:INFO - MESSAGE:Server start to configure.
2021-01-21 03:16:51 - LOGLEVEL:INFO - MESSAGE:Creating socket...
2021-01-21 03:16:51 - LOGLEVEL:INFO - MESSAGE:Binding socket to local address...
2021-01-21 03:16:51 - LOGLEVEL:INFO - MESSAGE:Listening...
2021-01-21 03:16:51 - LOGLEVEL:INFO - MESSAGE:Waiting for connections...
2021-01-21 03:17:00 - LOGLEVEL:INFO - MESSAGE:New connection from 127.0.0.1
2021-01-21 03:17:03 - LOGLEVEL:INFO - MESSAGE:HELO Command.
2021-01-21 03:18:35 - LOGLEVEL:INFO - MESSAGE:Server start to configure.
2021-01-21 03:18:35 - LOGLEVEL:INFO - MESSAGE:Creating socket...
2021-01-21 03:18:35 - LOGLEVEL:INFO - MESSAGE:Binding socket to local address...
2021-01-21 03:18:35 - LOGLEVEL:INFO - MESSAGE:Listening...
2021-01-21 03:18:35 - LOGLEVEL:INFO - MESSAGE:Waiting for connections...
2021-01-21 03:18:42 - LOGLEVEL:INFO - MESSAGE:New connection from 127.0.0.1
2021-01-21 03:18:45 - LOGLEVEL:INFO - MESSAGE:HELO Command.
2021-01-21 03:19:34 - LOGLEVEL:INFO - MESSAGE:Server start to configure.
2021-01-21 03:19:34 - LOGLEVEL:INFO - MESSAGE:Creating socket...
2021-01-21 03:19:34 - LOGLEVEL:INFO - MESSAGE:Binding socket to local address...
2021-01-21 03:19:34 - LOGLEVEL:ERROR - MESSAGE:bind() failed. (98)
2021-01-21 03:20:06 - LOGLEVEL:INFO - MESSAGE:Server start to configure.
2021-01-21 03:20:06 - LOGLEVEL:INFO - MESSAGE:Creating socket...
2021-01-21 03:20:06 - LOGLEVEL:INFO - MESSAGE:Binding socket to local address...
2021-01-21 03:20:06 - LOGLEVEL:INFO - MESSAGE:Listening...
2021-01-21 03:20:06 - LOGLEVEL:INFO - MESSAGE:Waiting for connections...
2021-01-21 03:20:13 - LOGLEVEL:INFO - MESSAGE:New connection from 127.0.0.1
2021-01-21 03:20:16 - LOGLEVEL:INFO - MESSAGE:HELO Command.
2021-01-21 03:20:25 - LOGLEVEL:INFO - MESSAGE:HELO Command.
2021-01-21 03:23:10 - LOGLEVEL:INFO - MESSAGE:Server start to configure.
2021-01-21 03:23:10 - LOGLEVEL:INFO - MESSAGE:Creating socket...
2021-01-21 03:23:10 - LOGLEVEL:INFO - MESSAGE:Binding socket to local address...
2021-01-21 03:23:10 - LOGLEVEL:INFO - MESSAGE:Listening...
2021-01-21 03:23:10 - LOGLEVEL:INFO - MESSAGE:Waiting for connections...
2021-01-21 03:23:18 - LOGLEVEL:INFO - MESSAGE:New connection from 127.0.0.1
2021-01-21 03:23:21 - LOGLEVEL:INFO - MESSAGE:HELO Command.
2021-01-21 03:23:57 - LOGLEVEL:INFO - MESSAGE:Server start to configure.
2021-01-21 03:23:57 - LOGLEVEL:INFO - MESSAGE:Creating socket...
2021-01-21 03:23:57 - LOGLEVEL:INFO - MESSAGE:Binding socket to local address...
2021-01-21 03:23:57 - LOGLEVEL:ERROR - MESSAGE:bind() failed. (98)
2021-01-21 03:24:16 - LOGLEVEL:INFO - MESSAGE:Server start to configure.
2021-01-21 03:24:16 - LOGLEVEL:INFO - MESSAGE:Creating socket...
2021-01-21 03:24:16 - LOGLEVEL:INFO - MESSAGE:Binding socket to local address...
2021-01-21 03:24:16 - LOGLEVEL:ERROR - MESSAGE:bind() failed. (98)
2021-01-21 03:24:18 - LOGLEVEL:INFO - MESSAGE:Server start to configure.
2021-01-21 03:24:18 - LOGLEVEL:INFO - MESSAGE:Creating socket...
2021-01-21 03:24:18 - LOGLEVEL:INFO - MESSAGE:Binding socket to local address...
2021-01-21 03:24:18 - LOGLEVEL:ERROR - MESSAGE:bind() failed. (98)
2021-01-21 03:24:23 - LOGLEVEL:INFO - MESSAGE:Server start to configure.
2021-01-21 03:24:23 - LOGLEVEL:INFO - MESSAGE:Creating socket...
2021-01-21 03:24:23 - LOGLEVEL:INFO - MESSAGE:Binding socket to local address...
2021-01-21 03:24:23 - LOGLEVEL:INFO - MESSAGE:Listening...
2021-01-21 03:24:23 - LOGLEVEL:INFO - MESSAGE:Waiting for connections...
2021-01-21 03:24:32 - LOGLEVEL:INFO - MESSAGE:New connection from 127.0.0.1
2021-01-21 03:24:35 - LOGLEVEL:INFO - MESSAGE:HELO Command.
2021-01-21 03:28:37 - LOGLEVEL:INFO - MESSAGE:Server start to configure.
2021-01-21 03:28:37 - LOGLEVEL:INFO - MESSAGE:Creating socket...
2021-01-21 03:28:37 - LOGLEVEL:INFO - MESSAGE:Binding socket to local address...
2021-01-21 03:28:37 - LOGLEVEL:INFO - MESSAGE:Listening...
2021-01-21 03:28:37 - LOGLEVEL:INFO - MESSAGE:Waiting for connections...
2021-01-21 03:28:44 - LOGLEVEL:INFO - MESSAGE:New connection from 127.0.0.1
2021-01-21 03:28:50 - LOGLEVEL:INFO - MESSAGE:HELO Command.
2021-01-21 03:29:05 - LOGLEVEL:INFO - MESSAGE:MAIL Command.
2021-01-21 03:29:23 - LOGLEVEL:INFO - MESSAGE:DATA Command.
2021-01-21 03:35:28 - LOGLEVEL:INFO - MESSAGE:Server start to configure.
2021-01-21 03:35:28 - LOGLEVEL:INFO - MESSAGE:Creating socket...
2021-01-21 03:35:28 - LOGLEVEL:INFO - MESSAGE:Binding socket to local address...
2021-01-21 03:35:28 - LOGLEVEL:INFO - MESSAGE:Listening...
2021-01-21 03:35:28 - LOGLEVEL:INFO - MESSAGE:Waiting for connections...
2021-01-21 03:35:36 - LOGLEVEL:INFO - MESSAGE:New connection from 127.0.0.1
2021-01-21 03:35:40 - LOGLEVEL:INFO - MESSAGE:HELO Command.
2021-01-21 03:35:55 - LOGLEVEL:INFO - MESSAGE:MAIL Command.
2021-01-21 03:36:02 - LOGLEVEL:INFO - MESSAGE:DATA Command.
2021-01-21 03:36:23 - LOGLEVEL:INFO - MESSAGE:RSET Command.
2021-01-21 03:37:25 - LOGLEVEL:INFO - MESSAGE:Server start to configure.
2021-01-21 03:37:25 - LOGLEVEL:INFO - MESSAGE:Creating socket...
2021-01-21 03:37:25 - LOGLEVEL:INFO - MESSAGE:Binding socket to local address...
2021-01-21 03:37:25 - LOGLEVEL:INFO - MESSAGE:Listening...
2021-01-21 03:37:25 - LOGLEVEL:INFO - MESSAGE:Waiting for connections...
2021-01-21 03:37:33 - LOGLEVEL:INFO - MESSAGE:New connection from 127.0.0.1
2021-01-21 03:37:36 - LOGLEVEL:INFO - MESSAGE:DATA Command.
2021-01-21 03:37:41 - LOGLEVEL:INFO - MESSAGE:DATA Command.
2021-01-21 03:37:48 - LOGLEVEL:INFO - MESSAGE:HELO Command.
2021-01-21 03:37:59 - LOGLEVEL:INFO - MESSAGE:MAIL Command.
2021-01-21 03:38:04 - LOGLEVEL:INFO - MESSAGE:DATA Command.
2021-01-21 03:38:09 - LOGLEVEL:INFO - MESSAGE:Command not recognized.
2021-01-21 03:40:45 - LOGLEVEL:INFO - MESSAGE:Server start to configure.
2021-01-21 03:40:45 - LOGLEVEL:INFO - MESSAGE:Creating socket...
2021-01-21 03:40:45 - LOGLEVEL:INFO - MESSAGE:Binding socket to local address...
2021-01-21 03:40:45 - LOGLEVEL:INFO - MESSAGE:Listening...
2021-01-21 03:40:45 - LOGLEVEL:INFO - MESSAGE:Waiting for connections...
2021-01-21 03:40:54 - LOGLEVEL:INFO - MESSAGE:New connection from 127.0.0.1
2021-01-21 03:40:58 - LOGLEVEL:INFO - MESSAGE:HELO Command.
2021-01-21 03:41:08 - LOGLEVEL:INFO - MESSAGE:MAIL Command.
2021-01-21 03:41:12 - LOGLEVEL:INFO - MESSAGE:DATA Command.
2021-01-21 03:41:20 - LOGLEVEL:INFO - MESSAGE:RSET Command.
2021-01-21 03:41:38 - LOGLEVEL:INFO - MESSAGE:MAIL Command.
2021-01-21 03:41:42 - LOGLEVEL:INFO - MESSAGE:Command not recognized.
